{
  "RSpec": {
    "coverage": {
      "/home/loading-architect-4553/tic-tac-toe-rb-online-web-sp-000/lib/tic_tac_toe.rb": [
        1,
        null,
        1,
        null,
        null,
        null,
        null,
        null,
        null,
        null,
        null,
        1,
        25,
        25,
        25,
        25,
        25,
        null,
        1,
        23,
        null,
        1,
        22,
        null,
        1,
        215,
        null,
        1,
        23,
        null,
        1,
        21,
        21,
        189,
        31,
        null,
        null,
        21,
        null,
        1,
        20,
        14,
        null,
        6,
        null,
        null,
        1,
        20,
        20,
        20,
        20,
        19,
        null,
        1,
        1,
        null,
        20,
        null,
        1,
        92,
        null,
        593,
        593,
        593,
        593,
        593,
        593,
        593,
        37,
        null,
        null,
        55,
        null,
        1,
        251,
        39,
        null,
        9,
        null,
        null,
        1,
        23,
        7,
        16,
        13,
        3,
        3,
        null,
        null,
        1,
        21,
        10,
        null,
        11,
        null,
        null,
        1,
        12,
        11,
        null,
        null,
        1,
        0,
        0,
        0,
        0,
        null,
        null,
        1,
        12,
        17,
        null,
        12,
        5,
        5,
        7,
        3,
        null,
        null
      ]
    },
    "timestamp": 1596915828
  }
}
